  4.9.2.Our_House_V_0.55_main.cpp
  Camera.cpp
C:\Users\SOGANG\Downloads\Graphics\4.9.2.Our_House_V_0.55_HW3\4.9.2.Our_House_V_0.55\4.9.2.Our_House_V_0.55_main.cpp(17,54): warning C4244: '인수': 'float'에서 'GLsizei'(으)로 변환하면서 데이터가 손실될 수 있습니다.
C:\Users\SOGANG\Downloads\Graphics\4.9.2.Our_House_V_0.55_HW3\4.9.2.Our_House_V_0.55\4.9.2.Our_House_V_0.55_main.cpp(17,27): warning C4244: '인수': 'float'에서 'GLsizei'(으)로 변환하면서 데이터가 손실될 수 있습니다.
C:\Users\SOGANG\Downloads\Graphics\4.9.2.Our_House_V_0.55_HW3\4.9.2.Our_House_V_0.55\4.9.2.Our_House_V_0.55_main.cpp(16,64): warning C4244: '인수': 'float'에서 'GLint'(으)로 변환하면서 데이터가 손실될 수 있습니다.
C:\Users\SOGANG\Downloads\Graphics\4.9.2.Our_House_V_0.55_HW3\4.9.2.Our_House_V_0.55\4.9.2.Our_House_V_0.55_main.cpp(16,37): warning C4244: '인수': 'float'에서 'GLint'(으)로 변환하면서 데이터가 손실될 수 있습니다.
C:\Users\SOGANG\Downloads\Graphics\4.9.2.Our_House_V_0.55_HW3\4.9.2.Our_House_V_0.55\4.9.2.Our_House_V_0.55_main.cpp(152,6): warning C4326: 'main'의 반환 형식이 'int'이어야 하는데 'void'입니다.
C:\Users\SOGANG\Downloads\Graphics\4.9.2.Our_House_V_0.55_HW3\4.9.2.Our_House_V_0.55\Camera.cpp(34,65): warning C4244: '=': 'int'에서 'float'(으)로 변환하면서 데이터가 손실될 수 있습니다.
C:\Users\SOGANG\Downloads\Graphics\4.9.2.Our_House_V_0.55_HW3\4.9.2.Our_House_V_0.55\Camera.cpp(34,97): warning C4244: '=': 'int'에서 'float'(으)로 변환하면서 데이터가 손실될 수 있습니다.
  Dynamic_Objects.cpp
  Scene_Definitions.cpp
C:\Users\SOGANG\Downloads\Graphics\4.9.2.Our_House_V_0.55_HW3\4.9.2.Our_House_V_0.55\Scene_Definitions.cpp(54,71): warning C4267: '=': 'size_t'에서 'unsigned int'(으)로 변환하면서 데이터가 손실될 수 있습니다.
C:\Users\SOGANG\Downloads\Graphics\4.9.2.Our_House_V_0.55_HW3\4.9.2.Our_House_V_0.55\Scene_Definitions.cpp(58,71): warning C4267: '=': 'size_t'에서 'unsigned int'(으)로 변환하면서 데이터가 손실될 수 있습니다.
C:\Users\SOGANG\Downloads\Graphics\4.9.2.Our_House_V_0.55_HW3\4.9.2.Our_House_V_0.55\Scene_Definitions.cpp(62,71): warning C4267: '=': 'size_t'에서 'unsigned int'(으)로 변환하면서 데이터가 손실될 수 있습니다.
C:\Users\SOGANG\Downloads\Graphics\4.9.2.Our_House_V_0.55_HW3\4.9.2.Our_House_V_0.55\Scene_Definitions.cpp(66,71): warning C4267: '=': 'size_t'에서 'unsigned int'(으)로 변환하면서 데이터가 손실될 수 있습니다.
C:\Users\SOGANG\Downloads\Graphics\4.9.2.Our_House_V_0.55_HW3\4.9.2.Our_House_V_0.55\Scene_Definitions.cpp(70,71): warning C4267: '=': 'size_t'에서 'unsigned int'(으)로 변환하면서 데이터가 손실될 수 있습니다.
C:\Users\SOGANG\Downloads\Graphics\4.9.2.Our_House_V_0.55_HW3\4.9.2.Our_House_V_0.55\Scene_Definitions.cpp(74,71): warning C4267: '=': 'size_t'에서 'unsigned int'(으)로 변환하면서 데이터가 손실될 수 있습니다.
C:\Users\SOGANG\Downloads\Graphics\4.9.2.Our_House_V_0.55_HW3\4.9.2.Our_House_V_0.55\Scene_Definitions.cpp(78,71): warning C4267: '=': 'size_t'에서 'unsigned int'(으)로 변환하면서 데이터가 손실될 수 있습니다.
C:\Users\SOGANG\Downloads\Graphics\4.9.2.Our_House_V_0.55_HW3\4.9.2.Our_House_V_0.55\Scene_Definitions.cpp(82,71): warning C4267: '=': 'size_t'에서 'unsigned int'(으)로 변환하면서 데이터가 손실될 수 있습니다.
C:\Users\SOGANG\Downloads\Graphics\4.9.2.Our_House_V_0.55_HW3\4.9.2.Our_House_V_0.55\Scene_Definitions.cpp(88,71): warning C4267: '=': 'size_t'에서 'unsigned int'(으)로 변환하면서 데이터가 손실될 수 있습니다.
C:\Users\SOGANG\Downloads\Graphics\4.9.2.Our_House_V_0.55_HW3\4.9.2.Our_House_V_0.55\Scene_Definitions.cpp(93,71): warning C4267: '=': 'size_t'에서 'unsigned int'(으)로 변환하면서 데이터가 손실될 수 있습니다.
C:\Users\SOGANG\Downloads\Graphics\4.9.2.Our_House_V_0.55_HW3\4.9.2.Our_House_V_0.55\Scene_Definitions.cpp(97,71): warning C4267: '=': 'size_t'에서 'unsigned int'(으)로 변환하면서 데이터가 손실될 수 있습니다.
C:\Users\SOGANG\Downloads\Graphics\4.9.2.Our_House_V_0.55_HW3\4.9.2.Our_House_V_0.55\Scene_Definitions.cpp(105,50): warning C4267: '=': 'size_t'에서 'unsigned int'(으)로 변환하면서 데이터가 손실될 수 있습니다.
C:\Users\SOGANG\Downloads\Graphics\4.9.2.Our_House_V_0.55_HW3\4.9.2.Our_House_V_0.55\Scene_Definitions.cpp(113,52): warning C4267: '=': 'size_t'에서 'unsigned int'(으)로 변환하면서 데이터가 손실될 수 있습니다.
  Shaders.cpp
  LoadShaders.cpp
  Static_Objects.cpp
C:\Users\SOGANG\Downloads\Graphics\4.9.2.Our_House_V_0.55_HW3\4.9.2.Our_House_V_0.55\Static_Objects.cpp(27,7): warning C4101: 'filename' :참조되지 않은 지역 변수입니다.
C:\Users\SOGANG\Downloads\Graphics\4.9.2.Our_House_V_0.55_HW3\4.9.2.Our_House_V_0.55\Static_Objects.cpp(26,6): warning C4101: 'i' :참조되지 않은 지역 변수입니다.
C:\Users\SOGANG\Downloads\Graphics\4.9.2.Our_House_V_0.55_HW3\4.9.2.Our_House_V_0.55\Static_Objects.cpp(190,34): warning C4305: '=': 'double'에서 'GLfloat'(으)로 잘립니다.
  코드를 생성하고 있습니다...
  4.9.2.Our_House_V_0.55.vcxproj -> C:\Users\SOGANG\Downloads\Graphics\4.9.2.Our_House_V_0.55_HW3\x64\Debug\4.9.2.Our_House_V_0.55.exe
